* using log directory 'C:/Users/nasta/Documents/GIT/ScRNA-Seq-D3E/D3E.Rcheck'
* using R version 4.0.4 (2021-02-15)
* using platform: x86_64-w64-mingw32 (64-bit)
* using session charset: ISO8859-1
* using options '--no-manual --as-cran'
* checking for file 'D3E/DESCRIPTION' ... OK
* checking extension type ... Package
* this is package 'D3E' version '0.1.0'
* package encoding: UTF-8
* checking package namespace information ... OK
* checking package dependencies ... OK
* checking if this is a source package ... OK
* checking if there is a namespace ... OK
* checking for executable files ... OK
* checking for hidden files and directories ... OK
* checking for portable file names ... OK
* checking whether package 'D3E' can be installed ... OK
* checking installed package size ... OK
* checking package directory ... OK
* checking for future file timestamps ... OK
* checking DESCRIPTION meta-information ... NOTE
Malformed Title field: should not end in a period.
License components which are templates and need '+ file LICENSE':
  MIT License
 WARNING
Dependence on R version '3.6.3' not with patchlevel 0
* checking top-level files ... OK
* checking for left-over files ... OK
* checking index information ... OK
* checking package subdirectories ... OK
* checking R files for non-ASCII characters ... OK
* checking R files for syntax errors ... OK
* checking whether the package can be loaded ... OK
* checking whether the package can be loaded with stated dependencies ... OK
* checking whether the package can be unloaded cleanly ... OK
* checking whether the namespace can be loaded with stated dependencies ... OK
* checking whether the namespace can be unloaded cleanly ... OK
* checking loading without being on the library search path ... OK
* checking dependencies in R code ... NOTE
Packages in Depends field not imported from:
  'magrittr' 'matrixStats' 'tibble' 'tidyverse' 'twosamples'
  These packages need to be imported from (in the NAMESPACE file)
  for when this namespace is loaded but not attached.
* checking S3 generic/method consistency ... OK
* checking replacement functions ... OK
* checking foreign function calls ... OK
* checking R code for possible problems ... NOTE
anderson_darling_test: no visible global function definition for
  'ad_test'
cramer_von_masis: no visible global function definition for 'cvm_test'
kolmogorov_smirnov_test: no visible global function definition for
  'ks_test'
likelihood_ratio: no visible global function definition for 'dchisq'
log_likelihood: no visible global function definition for 'rbeta'
log_likelihood: no visible global function definition for 'rpois'
parameter_estimation: no visible global function definition for 'var'
rand_Poisson_beta: no visible global function definition for 'rbeta'
rand_Poisson_beta: no visible global function definition for 'rpois'
set_sample_function : draw: no visible global function definition for
  'runif'
weight_normalization: no visible global function definition for
  'colMedians'
Undefined global functions or variables:
  ad_test colMedians cvm_test dchisq ks_test rbeta rpois runif var
Consider adding
  importFrom("stats", "dchisq", "rbeta", "rpois", "runif", "var")
to your NAMESPACE file.
* checking for missing documentation entries ... WARNING
Undocumented code objects:
  'analysis' 'anderson_darling_test' 'bio_params'
  'check_cramer_von_mises' 'comparison_data' 'control_split'
  'cramer_von_masis' 'distribution_test' 'falpha' 'fbeta' 'fc' 'fgamma'
  'finding_threshold' 'geometric_mean' 'get_para_bayesion'
  'get_para_moments' 'goodness_of_fit' 'hyper_para'
  'kolmogorov_smirnov_test' 'likelihood_ratio' 'log_likelihood' 'mean_'
  'normalized_data' 'parameter_estimation' 'params' 'rand_Poisson_beta'
  'set_sample_function' 'threshold' 'weight_normalization'
All user-level objects in a package should have documentation entries.
See chapter 'Writing R documentation files' in the 'Writing R
Extensions' manual.
* checking examples ... NONE
* checking for unstated dependencies in 'tests' ... OK
* checking tests ... OK
  Running 'testthat.R'
* checking for non-standard things in the check directory ... OK
* checking for detritus in the temp directory ... OK
* DONE
Status: 2 WARNINGs, 3 NOTEs
